<?xml version="1.0" encoding="utf-8"?>
<TestRun id="be13474f-aee9-4be2-bed2-8367e47ad8f6" name="stdray@PEKAKEK 2026-05-06 15:32:14" runUser="PEKAKEK\stdray" xmlns="http://microsoft.com/schemas/VisualStudio/TeamTest/2010">
  <Times creation="2026-05-06T15:32:14.7285219+03:00" queuing="2026-05-06T15:32:14.7285220+03:00" start="2026-05-06T15:32:11.4933265+03:00" finish="2026-05-06T15:32:26.6588460+03:00" />
  <TestSettings name="default" id="5666ba02-ee3b-4d23-9858-0d61344c7dea">
    <Deployment runDeploymentRoot="stdray_PEKAKEK_2026-05-06_15_32_14" />
  </TestSettings>
  <Results>
    <UnitTestResult executionId="e3162c22-0a41-4cc5-874d-d363a9e03a8b" testId="93e8b61d-d8b3-8786-a272-2ba8f9078a95" testName="Nemerle.LanguageServer.Tests.IntegrationTests.Change_text_updates_diagnostics" computerName="PEKAKEK" duration="00:00:01.2811156" startTime="2026-05-06T15:32:14.4291617+03:00" endTime="2026-05-06T15:32:17.9294577+03:00" testType="13cdc9d9-ddb5-4fa4-a97d-d965ccfc6d4b" outcome="Passed" testListId="8c84fa94-04c1-424b-9868-57a2d4851a1d" relativeResultsDirectory="e3162c22-0a41-4cc5-874d-d363a9e03a8b" />
    <UnitTestResult executionId="83a33a80-e988-4451-b0b9-7c191817da3e" testId="a1bab25c-d761-7e4c-cab8-5529ad857f67" testName="Nemerle.LanguageServer.Tests.IntegrationTests.Server_handles_rapid_document_changes" computerName="PEKAKEK" duration="00:00:01.1701530" startTime="2026-05-06T15:32:20.7811251+03:00" endTime="2026-05-06T15:32:24.1759991+03:00" testType="13cdc9d9-ddb5-4fa4-a97d-d965ccfc6d4b" outcome="Passed" testListId="8c84fa94-04c1-424b-9868-57a2d4851a1d" relativeResultsDirectory="83a33a80-e988-4451-b0b9-7c191817da3e" />
    <UnitTestResult executionId="1525306b-4dd4-47bb-b60e-da15d7ddc43c" testId="371b0393-f86a-b50e-08f3-d3e8639724c5" testName="Nemerle.LanguageServer.Tests.RecoveryTests.Hover_still_works_despite_Recovery_error" computerName="PEKAKEK" duration="00:00:00.2841914" startTime="2026-05-06T15:32:19.3123467+03:00" endTime="2026-05-06T15:32:21.8157162+03:00" testType="13cdc9d9-ddb5-4fa4-a97d-d965ccfc6d4b" outcome="Passed" testListId="8c84fa94-04c1-424b-9868-57a2d4851a1d" relativeResultsDirectory="1525306b-4dd4-47bb-b60e-da15d7ddc43c" />
    <UnitTestResult executionId="34d1e32d-93a5-4382-b687-f5854247ff72" testId="c80d283c-f869-f176-5396-5e8ae1144c2b" testName="Nemerle.LanguageServer.Tests.RecoveryTests.ProjectReference_resolved_to_DLL_prevents_Recovery" computerName="PEKAKEK" duration="00:00:02.5707557" startTime="2026-05-06T15:32:11.7763513+03:00" endTime="2026-05-06T15:32:16.6081470+03:00" testType="13cdc9d9-ddb5-4fa4-a97d-d965ccfc6d4b" outcome="Passed" testListId="8c84fa94-04c1-424b-9868-57a2d4851a1d" relativeResultsDirectory="34d1e32d-93a5-4382-b687-f5854247ff72" />
    <UnitTestResult executionId="d11a8116-688a-414e-bef4-0faacbc9d94f" testId="94a5c668-3def-58e4-3c36-09a4ac3c40e3" testName="Nemerle.LanguageServer.Tests.IntegrationTests.Completion_includes_stdlib_keywords" computerName="PEKAKEK" duration="00:00:00.3837188" startTime="2026-05-06T15:32:11.7763414+03:00" endTime="2026-05-06T15:32:14.4257033+03:00" testType="13cdc9d9-ddb5-4fa4-a97d-d965ccfc6d4b" outcome="Passed" testListId="8c84fa94-04c1-424b-9868-57a2d4851a1d" relativeResultsDirectory="d11a8116-688a-414e-bef4-0faacbc9d94f" />
    <UnitTestResult executionId="f61cfb37-cb6f-46d8-9862-64593eb4391d" testId="a10a778e-52f7-406e-fb35-78388e8fe50d" testName="Nemerle.LanguageServer.Tests.CompletionTests.Returns_CompletionList_structure" computerName="PEKAKEK" duration="00:00:00.1122008" startTime="2026-05-06T15:32:16.8922205+03:00" endTime="2026-05-06T15:32:19.2172169+03:00" testType="13cdc9d9-ddb5-4fa4-a97d-d965ccfc6d4b" outcome="Passed" testListId="8c84fa94-04c1-424b-9868-57a2d4851a1d" relativeResultsDirectory="f61cfb37-cb6f-46d8-9862-64593eb4391d" />
    <UnitTestResult executionId="65f8b742-abc5-44e3-b0f0-1bbd8550af59" testId="fa5c199e-20fc-77f4-b439-0943f36e5e19" testName="Nemerle.LanguageServer.Tests.CompletionTests.Includes_stdlib_types" computerName="PEKAKEK" duration="00:00:00.3838925" startTime="2026-05-06T15:32:11.7757249+03:00" endTime="2026-05-06T15:32:14.4213960+03:00" testType="13cdc9d9-ddb5-4fa4-a97d-d965ccfc6d4b" outcome="Passed" testListId="8c84fa94-04c1-424b-9868-57a2d4851a1d" relativeResultsDirectory="65f8b742-abc5-44e3-b0f0-1bbd8550af59" />
    <UnitTestResult executionId="2d9423ec-cde3-43d3-8130-9e7826e96697" testId="884a13a2-6c92-327c-91f4-71ed87f3052e" testName="Nemerle.LanguageServer.Tests.IntegrationTests.Completion_after_dot_in_module" computerName="PEKAKEK" duration="00:00:00.0926050" startTime="2026-05-06T15:32:24.1772081+03:00" endTime="2026-05-06T15:32:26.5036809+03:00" testType="13cdc9d9-ddb5-4fa4-a97d-d965ccfc6d4b" outcome="Passed" testListId="8c84fa94-04c1-424b-9868-57a2d4851a1d" relativeResultsDirectory="2d9423ec-cde3-43d3-8130-9e7826e96697" />
    <UnitTestResult executionId="e570eb2e-aeb5-414b-be6d-46018902dcc1" testId="d6712de9-2fd8-c374-5fde-1aeaf752fbb1" testName="Nemerle.LanguageServer.Tests.CompletionTests.Returns_keywords_when_no_prefix" computerName="PEKAKEK" duration="00:00:00.1068017" startTime="2026-05-06T15:32:21.5010657+03:00" endTime="2026-05-06T15:32:23.8281967+03:00" testType="13cdc9d9-ddb5-4fa4-a97d-d965ccfc6d4b" outcome="Passed" testListId="8c84fa94-04c1-424b-9868-57a2d4851a1d" relativeResultsDirectory="e570eb2e-aeb5-414b-be6d-46018902dcc1" />
    <UnitTestResult executionId="557504dd-f28b-436e-a2c1-9c4f958033d8" testId="c6af2889-d00a-87b9-2aa8-1d9d98e30d5b" testName="Nemerle.LanguageServer.Tests.CompletionTests.Includes_local_identifiers" computerName="PEKAKEK" duration="00:00:00.0703016" startTime="2026-05-06T15:32:19.2177778+03:00" endTime="2026-05-06T15:32:21.5009079+03:00" testType="13cdc9d9-ddb5-4fa4-a97d-d965ccfc6d4b" outcome="Passed" testListId="8c84fa94-04c1-424b-9868-57a2d4851a1d" relativeResultsDirectory="557504dd-f28b-436e-a2c1-9c4f958033d8" />
    <UnitTestResult executionId="e2615708-fccb-4ba7-915e-4ba06c5f9478" testId="4c64f46f-6c5a-d7eb-ae17-e91fdc77e7ee" testName="Nemerle.LanguageServer.Tests.DiagnosticsTests.Multiple_diagnostics_for_multiple_errors" computerName="PEKAKEK" duration="00:00:01.0426353" startTime="2026-05-06T15:32:11.7763211+03:00" endTime="2026-05-06T15:32:15.0730300+03:00" testType="13cdc9d9-ddb5-4fa4-a97d-d965ccfc6d4b" outcome="Passed" testListId="8c84fa94-04c1-424b-9868-57a2d4851a1d" relativeResultsDirectory="e2615708-fccb-4ba7-915e-4ba06c5f9478" />
    <UnitTestResult executionId="0e8ad8d9-aca6-4fb4-b1f4-1b805f27e9e6" testId="8ee8a7d8-5ea4-d246-b02d-c210b49e0d1f" testName="Nemerle.LanguageServer.Tests.RecoveryTests.Unknown_assembly_using_produces_InternalError_not_crash" computerName="PEKAKEK" duration="00:00:00.4861780" startTime="2026-05-06T15:32:16.6082963+03:00" endTime="2026-05-06T15:32:19.3121220+03:00" testType="13cdc9d9-ddb5-4fa4-a97d-d965ccfc6d4b" outcome="Passed" testListId="8c84fa94-04c1-424b-9868-57a2d4851a1d" relativeResultsDirectory="0e8ad8d9-aca6-4fb4-b1f4-1b805f27e9e6" />
    <UnitTestResult executionId="534ff839-12b8-428e-a8d3-bc7142b818df" testId="79bc3e62-4a6d-8b06-1151-0bddde365d35" testName="Nemerle.LanguageServer.Tests.RecoveryTests.NprojLoader_resolves_project_reference_paths" computerName="PEKAKEK" duration="00:00:00.0081225" startTime="2026-05-06T15:32:21.8159044+03:00" endTime="2026-05-06T15:32:24.2514141+03:00" testType="13cdc9d9-ddb5-4fa4-a97d-d965ccfc6d4b" outcome="Passed" testListId="8c84fa94-04c1-424b-9868-57a2d4851a1d" relativeResultsDirectory="534ff839-12b8-428e-a8d3-bc7142b818df" />
    <UnitTestResult executionId="0b50a4a9-070a-4857-a90b-d2f72c7d4333" testId="0b8660c9-a13e-f2d8-4027-369fe220107e" testName="Nemerle.LanguageServer.Tests.IntegrationTests.Multiple_documents_in_workspace" computerName="PEKAKEK" duration="00:00:00.6366081" startTime="2026-05-06T15:32:17.9296232+03:00" endTime="2026-05-06T15:32:20.7807941+03:00" testType="13cdc9d9-ddb5-4fa4-a97d-d965ccfc6d4b" outcome="Passed" testListId="8c84fa94-04c1-424b-9868-57a2d4851a1d" relativeResultsDirectory="0b50a4a9-070a-4857-a90b-d2f72c7d4333" />
    <UnitTestResult executionId="9de1dad2-79ce-4abc-ae54-3fa2ba6375f0" testId="3ce0b338-a514-8e24-2f6e-fad8def7e88b" testName="Nemerle.LanguageServer.Tests.DiagnosticsTests.Parse_error_diagnostics_has_correct_range" computerName="PEKAKEK" duration="00:00:00.3183717" startTime="2026-05-06T15:32:17.8800795+03:00" endTime="2026-05-06T15:32:20.4195830+03:00" testType="13cdc9d9-ddb5-4fa4-a97d-d965ccfc6d4b" outcome="Passed" testListId="8c84fa94-04c1-424b-9868-57a2d4851a1d" relativeResultsDirectory="9de1dad2-79ce-4abc-ae54-3fa2ba6375f0" />
    <UnitTestResult executionId="30930706-c1f5-4a43-875f-75d4bbdeca5a" testId="7227059d-01f4-2cd5-0e1a-33c0b5c3fe11" testName="Nemerle.LanguageServer.Tests.DiagnosticsTests.Reports_diagnostics_for_opened_file" computerName="PEKAKEK" duration="00:00:00.5978164" startTime="2026-05-06T15:32:15.0731822+03:00" endTime="2026-05-06T15:32:17.8799454+03:00" testType="13cdc9d9-ddb5-4fa4-a97d-d965ccfc6d4b" outcome="Passed" testListId="8c84fa94-04c1-424b-9868-57a2d4851a1d" relativeResultsDirectory="30930706-c1f5-4a43-875f-75d4bbdeca5a" />
    <UnitTestResult executionId="74cd37bc-d81c-4d81-ba8d-1c062bbd186d" testId="309bea1c-bd75-99e2-fc69-62c7fb75626c" testName="Nemerle.LanguageServer.Tests.CompletionTests.Filters_by_prefix" computerName="PEKAKEK" duration="00:00:00.2425494" startTime="2026-05-06T15:32:14.4291444+03:00" endTime="2026-05-06T15:32:16.8912892+03:00" testType="13cdc9d9-ddb5-4fa4-a97d-d965ccfc6d4b" outcome="Passed" testListId="8c84fa94-04c1-424b-9868-57a2d4851a1d" relativeResultsDirectory="74cd37bc-d81c-4d81-ba8d-1c062bbd186d" />
  </Results>
  <TestDefinitions>
    <UnitTest name="Nemerle.LanguageServer.Tests.RecoveryTests.ProjectReference_resolved_to_DLL_prevents_Recovery" storage="d:\prj\clones\nemerle\ide\vscode\nemerle-language-server.tests\bin\release\net8.0\nemerle.languageserver.tests.dll" id="c80d283c-f869-f176-5396-5e8ae1144c2b">
      <Execution id="34d1e32d-93a5-4382-b687-f5854247ff72" />
      <TestMethod codeBase="D:\prj\clones\nemerle\ide\vscode\nemerle-language-server.tests\bin\Release\net8.0\Nemerle.LanguageServer.Tests.dll" adapterTypeName="executor://xunit/VsTestRunner3/netcore/" className="Nemerle.LanguageServer.Tests.RecoveryTests" name="ProjectReference_resolved_to_DLL_prevents_Recovery" />
    </UnitTest>
    <UnitTest name="Nemerle.LanguageServer.Tests.RecoveryTests.Hover_still_works_despite_Recovery_error" storage="d:\prj\clones\nemerle\ide\vscode\nemerle-language-server.tests\bin\release\net8.0\nemerle.languageserver.tests.dll" id="371b0393-f86a-b50e-08f3-d3e8639724c5">
      <Execution id="1525306b-4dd4-47bb-b60e-da15d7ddc43c" />
      <TestMethod codeBase="D:\prj\clones\nemerle\ide\vscode\nemerle-language-server.tests\bin\Release\net8.0\Nemerle.LanguageServer.Tests.dll" adapterTypeName="executor://xunit/VsTestRunner3/netcore/" className="Nemerle.LanguageServer.Tests.RecoveryTests" name="Hover_still_works_despite_Recovery_error" />
    </UnitTest>
    <UnitTest name="Nemerle.LanguageServer.Tests.DiagnosticsTests.Reports_diagnostics_for_opened_file" storage="d:\prj\clones\nemerle\ide\vscode\nemerle-language-server.tests\bin\release\net8.0\nemerle.languageserver.tests.dll" id="7227059d-01f4-2cd5-0e1a-33c0b5c3fe11">
      <Execution id="30930706-c1f5-4a43-875f-75d4bbdeca5a" />
      <TestMethod codeBase="D:\prj\clones\nemerle\ide\vscode\nemerle-language-server.tests\bin\Release\net8.0\Nemerle.LanguageServer.Tests.dll" adapterTypeName="executor://xunit/VsTestRunner3/netcore/" className="Nemerle.LanguageServer.Tests.DiagnosticsTests" name="Reports_diagnostics_for_opened_file" />
    </UnitTest>
    <UnitTest name="Nemerle.LanguageServer.Tests.CompletionTests.Includes_stdlib_types" storage="d:\prj\clones\nemerle\ide\vscode\nemerle-language-server.tests\bin\release\net8.0\nemerle.languageserver.tests.dll" id="fa5c199e-20fc-77f4-b439-0943f36e5e19">
      <Execution id="65f8b742-abc5-44e3-b0f0-1bbd8550af59" />
      <TestMethod codeBase="D:\prj\clones\nemerle\ide\vscode\nemerle-language-server.tests\bin\Release\net8.0\Nemerle.LanguageServer.Tests.dll" adapterTypeName="executor://xunit/VsTestRunner3/netcore/" className="Nemerle.LanguageServer.Tests.CompletionTests" name="Includes_stdlib_types" />
    </UnitTest>
    <UnitTest name="Nemerle.LanguageServer.Tests.DiagnosticsTests.Multiple_diagnostics_for_multiple_errors" storage="d:\prj\clones\nemerle\ide\vscode\nemerle-language-server.tests\bin\release\net8.0\nemerle.languageserver.tests.dll" id="4c64f46f-6c5a-d7eb-ae17-e91fdc77e7ee">
      <Execution id="e2615708-fccb-4ba7-915e-4ba06c5f9478" />
      <TestMethod codeBase="D:\prj\clones\nemerle\ide\vscode\nemerle-language-server.tests\bin\Release\net8.0\Nemerle.LanguageServer.Tests.dll" adapterTypeName="executor://xunit/VsTestRunner3/netcore/" className="Nemerle.LanguageServer.Tests.DiagnosticsTests" name="Multiple_diagnostics_for_multiple_errors" />
    </UnitTest>
    <UnitTest name="Nemerle.LanguageServer.Tests.CompletionTests.Returns_CompletionList_structure" storage="d:\prj\clones\nemerle\ide\vscode\nemerle-language-server.tests\bin\release\net8.0\nemerle.languageserver.tests.dll" id="a10a778e-52f7-406e-fb35-78388e8fe50d">
      <Execution id="f61cfb37-cb6f-46d8-9862-64593eb4391d" />
      <TestMethod codeBase="D:\prj\clones\nemerle\ide\vscode\nemerle-language-server.tests\bin\Release\net8.0\Nemerle.LanguageServer.Tests.dll" adapterTypeName="executor://xunit/VsTestRunner3/netcore/" className="Nemerle.LanguageServer.Tests.CompletionTests" name="Returns_CompletionList_structure" />
    </UnitTest>
    <UnitTest name="Nemerle.LanguageServer.Tests.CompletionTests.Filters_by_prefix" storage="d:\prj\clones\nemerle\ide\vscode\nemerle-language-server.tests\bin\release\net8.0\nemerle.languageserver.tests.dll" id="309bea1c-bd75-99e2-fc69-62c7fb75626c">
      <Execution id="74cd37bc-d81c-4d81-ba8d-1c062bbd186d" />
      <TestMethod codeBase="D:\prj\clones\nemerle\ide\vscode\nemerle-language-server.tests\bin\Release\net8.0\Nemerle.LanguageServer.Tests.dll" adapterTypeName="executor://xunit/VsTestRunner3/netcore/" className="Nemerle.LanguageServer.Tests.CompletionTests" name="Filters_by_prefix" />
    </UnitTest>
    <UnitTest name="Nemerle.LanguageServer.Tests.IntegrationTests.Completion_includes_stdlib_keywords" storage="d:\prj\clones\nemerle\ide\vscode\nemerle-language-server.tests\bin\release\net8.0\nemerle.languageserver.tests.dll" id="94a5c668-3def-58e4-3c36-09a4ac3c40e3">
      <Execution id="d11a8116-688a-414e-bef4-0faacbc9d94f" />
      <TestMethod codeBase="D:\prj\clones\nemerle\ide\vscode\nemerle-language-server.tests\bin\Release\net8.0\Nemerle.LanguageServer.Tests.dll" adapterTypeName="executor://xunit/VsTestRunner3/netcore/" className="Nemerle.LanguageServer.Tests.IntegrationTests" name="Completion_includes_stdlib_keywords" />
    </UnitTest>
    <UnitTest name="Nemerle.LanguageServer.Tests.CompletionTests.Includes_local_identifiers" storage="d:\prj\clones\nemerle\ide\vscode\nemerle-language-server.tests\bin\release\net8.0\nemerle.languageserver.tests.dll" id="c6af2889-d00a-87b9-2aa8-1d9d98e30d5b">
      <Execution id="557504dd-f28b-436e-a2c1-9c4f958033d8" />
      <TestMethod codeBase="D:\prj\clones\nemerle\ide\vscode\nemerle-language-server.tests\bin\Release\net8.0\Nemerle.LanguageServer.Tests.dll" adapterTypeName="executor://xunit/VsTestRunner3/netcore/" className="Nemerle.LanguageServer.Tests.CompletionTests" name="Includes_local_identifiers" />
    </UnitTest>
    <UnitTest name="Nemerle.LanguageServer.Tests.CompletionTests.Returns_keywords_when_no_prefix" storage="d:\prj\clones\nemerle\ide\vscode\nemerle-language-server.tests\bin\release\net8.0\nemerle.languageserver.tests.dll" id="d6712de9-2fd8-c374-5fde-1aeaf752fbb1">
      <Execution id="e570eb2e-aeb5-414b-be6d-46018902dcc1" />
      <TestMethod codeBase="D:\prj\clones\nemerle\ide\vscode\nemerle-language-server.tests\bin\Release\net8.0\Nemerle.LanguageServer.Tests.dll" adapterTypeName="executor://xunit/VsTestRunner3/netcore/" className="Nemerle.LanguageServer.Tests.CompletionTests" name="Returns_keywords_when_no_prefix" />
    </UnitTest>
    <UnitTest name="Nemerle.LanguageServer.Tests.IntegrationTests.Change_text_updates_diagnostics" storage="d:\prj\clones\nemerle\ide\vscode\nemerle-language-server.tests\bin\release\net8.0\nemerle.languageserver.tests.dll" id="93e8b61d-d8b3-8786-a272-2ba8f9078a95">
      <Execution id="e3162c22-0a41-4cc5-874d-d363a9e03a8b" />
      <TestMethod codeBase="D:\prj\clones\nemerle\ide\vscode\nemerle-language-server.tests\bin\Release\net8.0\Nemerle.LanguageServer.Tests.dll" adapterTypeName="executor://xunit/VsTestRunner3/netcore/" className="Nemerle.LanguageServer.Tests.IntegrationTests" name="Change_text_updates_diagnostics" />
    </UnitTest>
    <UnitTest name="Nemerle.LanguageServer.Tests.IntegrationTests.Multiple_documents_in_workspace" storage="d:\prj\clones\nemerle\ide\vscode\nemerle-language-server.tests\bin\release\net8.0\nemerle.languageserver.tests.dll" id="0b8660c9-a13e-f2d8-4027-369fe220107e">
      <Execution id="0b50a4a9-070a-4857-a90b-d2f72c7d4333" />
      <TestMethod codeBase="D:\prj\clones\nemerle\ide\vscode\nemerle-language-server.tests\bin\Release\net8.0\Nemerle.LanguageServer.Tests.dll" adapterTypeName="executor://xunit/VsTestRunner3/netcore/" className="Nemerle.LanguageServer.Tests.IntegrationTests" name="Multiple_documents_in_workspace" />
    </UnitTest>
    <UnitTest name="Nemerle.LanguageServer.Tests.IntegrationTests.Server_handles_rapid_document_changes" storage="d:\prj\clones\nemerle\ide\vscode\nemerle-language-server.tests\bin\release\net8.0\nemerle.languageserver.tests.dll" id="a1bab25c-d761-7e4c-cab8-5529ad857f67">
      <Execution id="83a33a80-e988-4451-b0b9-7c191817da3e" />
      <TestMethod codeBase="D:\prj\clones\nemerle\ide\vscode\nemerle-language-server.tests\bin\Release\net8.0\Nemerle.LanguageServer.Tests.dll" adapterTypeName="executor://xunit/VsTestRunner3/netcore/" className="Nemerle.LanguageServer.Tests.IntegrationTests" name="Server_handles_rapid_document_changes" />
    </UnitTest>
    <UnitTest name="Nemerle.LanguageServer.Tests.IntegrationTests.Completion_after_dot_in_module" storage="d:\prj\clones\nemerle\ide\vscode\nemerle-language-server.tests\bin\release\net8.0\nemerle.languageserver.tests.dll" id="884a13a2-6c92-327c-91f4-71ed87f3052e">
      <Execution id="2d9423ec-cde3-43d3-8130-9e7826e96697" />
      <TestMethod codeBase="D:\prj\clones\nemerle\ide\vscode\nemerle-language-server.tests\bin\Release\net8.0\Nemerle.LanguageServer.Tests.dll" adapterTypeName="executor://xunit/VsTestRunner3/netcore/" className="Nemerle.LanguageServer.Tests.IntegrationTests" name="Completion_after_dot_in_module" />
    </UnitTest>
    <UnitTest name="Nemerle.LanguageServer.Tests.RecoveryTests.Unknown_assembly_using_produces_InternalError_not_crash" storage="d:\prj\clones\nemerle\ide\vscode\nemerle-language-server.tests\bin\release\net8.0\nemerle.languageserver.tests.dll" id="8ee8a7d8-5ea4-d246-b02d-c210b49e0d1f">
      <Execution id="0e8ad8d9-aca6-4fb4-b1f4-1b805f27e9e6" />
      <TestMethod codeBase="D:\prj\clones\nemerle\ide\vscode\nemerle-language-server.tests\bin\Release\net8.0\Nemerle.LanguageServer.Tests.dll" adapterTypeName="executor://xunit/VsTestRunner3/netcore/" className="Nemerle.LanguageServer.Tests.RecoveryTests" name="Unknown_assembly_using_produces_InternalError_not_crash" />
    </UnitTest>
    <UnitTest name="Nemerle.LanguageServer.Tests.RecoveryTests.NprojLoader_resolves_project_reference_paths" storage="d:\prj\clones\nemerle\ide\vscode\nemerle-language-server.tests\bin\release\net8.0\nemerle.languageserver.tests.dll" id="79bc3e62-4a6d-8b06-1151-0bddde365d35">
      <Execution id="534ff839-12b8-428e-a8d3-bc7142b818df" />
      <TestMethod codeBase="D:\prj\clones\nemerle\ide\vscode\nemerle-language-server.tests\bin\Release\net8.0\Nemerle.LanguageServer.Tests.dll" adapterTypeName="executor://xunit/VsTestRunner3/netcore/" className="Nemerle.LanguageServer.Tests.RecoveryTests" name="NprojLoader_resolves_project_reference_paths" />
    </UnitTest>
    <UnitTest name="Nemerle.LanguageServer.Tests.DiagnosticsTests.Parse_error_diagnostics_has_correct_range" storage="d:\prj\clones\nemerle\ide\vscode\nemerle-language-server.tests\bin\release\net8.0\nemerle.languageserver.tests.dll" id="3ce0b338-a514-8e24-2f6e-fad8def7e88b">
      <Execution id="9de1dad2-79ce-4abc-ae54-3fa2ba6375f0" />
      <TestMethod codeBase="D:\prj\clones\nemerle\ide\vscode\nemerle-language-server.tests\bin\Release\net8.0\Nemerle.LanguageServer.Tests.dll" adapterTypeName="executor://xunit/VsTestRunner3/netcore/" className="Nemerle.LanguageServer.Tests.DiagnosticsTests" name="Parse_error_diagnostics_has_correct_range" />
    </UnitTest>
  </TestDefinitions>
  <TestEntries>
    <TestEntry testId="93e8b61d-d8b3-8786-a272-2ba8f9078a95" executionId="e3162c22-0a41-4cc5-874d-d363a9e03a8b" testListId="8c84fa94-04c1-424b-9868-57a2d4851a1d" />
    <TestEntry testId="a1bab25c-d761-7e4c-cab8-5529ad857f67" executionId="83a33a80-e988-4451-b0b9-7c191817da3e" testListId="8c84fa94-04c1-424b-9868-57a2d4851a1d" />
    <TestEntry testId="371b0393-f86a-b50e-08f3-d3e8639724c5" executionId="1525306b-4dd4-47bb-b60e-da15d7ddc43c" testListId="8c84fa94-04c1-424b-9868-57a2d4851a1d" />
    <TestEntry testId="c80d283c-f869-f176-5396-5e8ae1144c2b" executionId="34d1e32d-93a5-4382-b687-f5854247ff72" testListId="8c84fa94-04c1-424b-9868-57a2d4851a1d" />
    <TestEntry testId="94a5c668-3def-58e4-3c36-09a4ac3c40e3" executionId="d11a8116-688a-414e-bef4-0faacbc9d94f" testListId="8c84fa94-04c1-424b-9868-57a2d4851a1d" />
    <TestEntry testId="a10a778e-52f7-406e-fb35-78388e8fe50d" executionId="f61cfb37-cb6f-46d8-9862-64593eb4391d" testListId="8c84fa94-04c1-424b-9868-57a2d4851a1d" />
    <TestEntry testId="fa5c199e-20fc-77f4-b439-0943f36e5e19" executionId="65f8b742-abc5-44e3-b0f0-1bbd8550af59" testListId="8c84fa94-04c1-424b-9868-57a2d4851a1d" />
    <TestEntry testId="884a13a2-6c92-327c-91f4-71ed87f3052e" executionId="2d9423ec-cde3-43d3-8130-9e7826e96697" testListId="8c84fa94-04c1-424b-9868-57a2d4851a1d" />
    <TestEntry testId="d6712de9-2fd8-c374-5fde-1aeaf752fbb1" executionId="e570eb2e-aeb5-414b-be6d-46018902dcc1" testListId="8c84fa94-04c1-424b-9868-57a2d4851a1d" />
    <TestEntry testId="c6af2889-d00a-87b9-2aa8-1d9d98e30d5b" executionId="557504dd-f28b-436e-a2c1-9c4f958033d8" testListId="8c84fa94-04c1-424b-9868-57a2d4851a1d" />
    <TestEntry testId="4c64f46f-6c5a-d7eb-ae17-e91fdc77e7ee" executionId="e2615708-fccb-4ba7-915e-4ba06c5f9478" testListId="8c84fa94-04c1-424b-9868-57a2d4851a1d" />
    <TestEntry testId="8ee8a7d8-5ea4-d246-b02d-c210b49e0d1f" executionId="0e8ad8d9-aca6-4fb4-b1f4-1b805f27e9e6" testListId="8c84fa94-04c1-424b-9868-57a2d4851a1d" />
    <TestEntry testId="79bc3e62-4a6d-8b06-1151-0bddde365d35" executionId="534ff839-12b8-428e-a8d3-bc7142b818df" testListId="8c84fa94-04c1-424b-9868-57a2d4851a1d" />
    <TestEntry testId="0b8660c9-a13e-f2d8-4027-369fe220107e" executionId="0b50a4a9-070a-4857-a90b-d2f72c7d4333" testListId="8c84fa94-04c1-424b-9868-57a2d4851a1d" />
    <TestEntry testId="3ce0b338-a514-8e24-2f6e-fad8def7e88b" executionId="9de1dad2-79ce-4abc-ae54-3fa2ba6375f0" testListId="8c84fa94-04c1-424b-9868-57a2d4851a1d" />
    <TestEntry testId="7227059d-01f4-2cd5-0e1a-33c0b5c3fe11" executionId="30930706-c1f5-4a43-875f-75d4bbdeca5a" testListId="8c84fa94-04c1-424b-9868-57a2d4851a1d" />
    <TestEntry testId="309bea1c-bd75-99e2-fc69-62c7fb75626c" executionId="74cd37bc-d81c-4d81-ba8d-1c062bbd186d" testListId="8c84fa94-04c1-424b-9868-57a2d4851a1d" />
  </TestEntries>
  <TestLists>
    <TestList name="Results Not in a List" id="8c84fa94-04c1-424b-9868-57a2d4851a1d" />
    <TestList name="All Loaded Results" id="19431567-8539-422a-85d7-44ee4e166bda" />
  </TestLists>
  <ResultSummary outcome="Completed">
    <Counters total="17" executed="17" passed="17" failed="0" error="0" timeout="0" aborted="0" inconclusive="0" passedButRunAborted="0" notRunnable="0" notExecuted="0" disconnected="0" warning="0" completed="0" inProgress="0" pending="0" />
    <Output>
      <StdOut>[xUnit.net 00:00:00.00] xUnit.net VSTest Adapter v3.0.2+dd36e86129 (64-bit .NET 8.0.26)&#xD;
[xUnit.net 00:00:00.04]   Discovering: Nemerle.LanguageServer.Tests&#xD;
[xUnit.net 00:00:00.05]   Discovered:  Nemerle.LanguageServer.Tests&#xD;
[xUnit.net 00:00:00.06]   Starting:    Nemerle.LanguageServer.Tests&#xD;
[xUnit.net 00:00:14.81]   Finished:    Nemerle.LanguageServer.Tests&#xD;
</StdOut>
    </Output>
  </ResultSummary>
</TestRun>